0 info it worked if it ends with ok
1 verbose cli [ '/usr/local/bin/node', '/usr/local/bin/npm', 'start' ]
2 info using npm@3.5.3
3 info using node@v5.1.0
4 verbose run-script [ 'prestart', 'start', 'poststart' ]
5 info lifecycle brewhacks@0.1.0~prestart: brewhacks@0.1.0
6 silly lifecycle brewhacks@0.1.0~prestart: no script for prestart, continuing
7 info lifecycle brewhacks@0.1.0~start: brewhacks@0.1.0
8 verbose lifecycle brewhacks@0.1.0~start: unsafe-perm in lifecycle true
9 verbose lifecycle brewhacks@0.1.0~start: PATH: /usr/local/lib/node_modules/npm/bin/node-gyp-bin:/Users/aaronfranco/Documents/Repositories/brewhacks/node_modules/.bin:/Users/aaronfranco/.rvm/gems/ruby-1.9.3-p551/bin:/Users/aaronfranco/.rvm/gems/ruby-1.9.3-p551@global/bin:/Users/aaronfranco/.rvm/rubies/ruby-1.9.3-p551/bin:/opt/local/bin:/opt/local/sbin:/usr/local/bin:/Users/aaronfranco/google-cloud-sdk/bin:/Users/aaronfranco/pebble-dev/PebbleSDK-current/bin:/Library/Java/JavaVirtualMachines/jdk1.7.0_10.jdk/Contents/Home/bin:/Users/aaronfranco/Java/Android/adt-bundle-mac-x86_64-20130917/eclipse/plugins/org.apache.ant_1.8.3.v201301120609/bin:/usr/local/heroku/bin:/usr/local/mysql-5.6.22-osx10.8-x86_64/bin:/Users/aaronfranco/basex/bin:/usr/local/Cellar/php55/5.5.12/sbin:/usr/local/Cellar/php55/5.5.12/bin:/Users/aaronfranco/Kinect/libfreenect/libfreenect/build/bin:/Users/aaronfranco/Java/apache-maven-3.2.1/bin:/Users/aaronfranco/Java/vert.x-2.1.m5/bin:/Users/aaronfranco/Java/Android/adt-bundle-mac-x86_64-20130917/sdk/platform-tools:/Users/aaronfranco/Java/Android/adt-bundle-mac-x86_64-20130917/sdk/tools:/usr/local/deployd/bin:/Users/aaronfranco/pear/bin:/Users/aaronfranco/Java/gradle-1.10/bin:/usr/bin:/bin:/usr/sbin:/sbin:/usr/local/bin:/Users/aaronfranco/Documents/vert.x-1.3.0.final/bin:/usr/local/php5/bin:/opt/X11/bin:/usr/local/deployd/bin:/usr/local/git/bin:/usr/local/go/bin:/opt/ImageMagick/bin:/usr/local/sbin:/Users/aaronfranco/.rvm/bin
10 verbose lifecycle brewhacks@0.1.0~start: CWD: /Users/aaronfranco/Documents/Repositories/brewhacks
11 silly lifecycle brewhacks@0.1.0~start: Args: [ '-c', 'node app/server.js' ]
12 silly lifecycle brewhacks@0.1.0~start: Returned: code: 1  signal: null
13 info lifecycle brewhacks@0.1.0~start: Failed to exec start script
14 verbose stack Error: brewhacks@0.1.0 start: `node app/server.js`
14 verbose stack Exit status 1
14 verbose stack     at EventEmitter.<anonymous> (/usr/local/lib/node_modules/npm/lib/utils/lifecycle.js:232:16)
14 verbose stack     at emitTwo (events.js:87:13)
14 verbose stack     at EventEmitter.emit (events.js:172:7)
14 verbose stack     at ChildProcess.<anonymous> (/usr/local/lib/node_modules/npm/lib/utils/spawn.js:24:14)
14 verbose stack     at emitTwo (events.js:87:13)
14 verbose stack     at ChildProcess.emit (events.js:172:7)
14 verbose stack     at maybeClose (internal/child_process.js:818:16)
14 verbose stack     at Process.ChildProcess._handle.onexit (internal/child_process.js:211:5)
15 verbose pkgid brewhacks@0.1.0
16 verbose cwd /Users/aaronfranco/Documents/Repositories/brewhacks
17 error Darwin 15.4.0
18 error argv "/usr/local/bin/node" "/usr/local/bin/npm" "start"
19 error node v5.1.0
20 error npm  v3.5.3
21 error code ELIFECYCLE
22 error brewhacks@0.1.0 start: `node app/server.js`
22 error Exit status 1
23 error Failed at the brewhacks@0.1.0 start script 'node app/server.js'.
23 error Make sure you have the latest version of node.js and npm installed.
23 error If you do, this is most likely a problem with the brewhacks package,
23 error not with npm itself.
23 error Tell the author that this fails on your system:
23 error     node app/server.js
23 error You can get information on how to open an issue for this project with:
23 error     npm bugs brewhacks
23 error Or if that isn't available, you can get their info via:
23 error     npm owner ls brewhacks
23 error There is likely additional logging output above.
24 verbose exit [ 1, true ]
